Log file open, 04/16/19 17:34:22
LogWindows: Failed to load 'aqProf.dll' (GetLastError=126)
LogWindows: File 'aqProf.dll' does not exist
LogWindows: Failed to load 'VtuneApi.dll' (GetLastError=126)
LogWindows: File 'VtuneApi.dll' does not exist
LogWindows: Failed to load 'VtuneApi32e.dll' (GetLastError=126)
LogWindows: File 'VtuneApi32e.dll' does not exist
LogConsoleResponse: Display: Failed to find resolution value strings in scalability ini. Falling back to default.
LogInit: Display: Running engine for game: MyProject11
LogPakFile: Registered encryption key '00000000000000000000000000000000': 0 pak files mounted, 0 remain pending
LogPlatformFile: Not using cached read wrapper
LogTaskGraph: Started task graph with 5 named threads and 14 total threads with 3 sets of task threads.
LogStats: Stats thread started at 0.323114
LogD3D11RHI: Loaded GFSDK_Aftermath_Lib.x64.dll
LogICUInternationalization: ICU TimeZone Detection - Raw Offset: +3:00, Platform Override: ''
LogPluginManager: Mounting plugin Paper2D
LogPluginManager: Mounting plugin AISupport
LogPluginManager: Mounting plugin LightPropagationVolume
LogPluginManager: Mounting plugin ActorLayerUtilities
LogPluginManager: Mounting plugin CLionSourceCodeAccess
LogPluginManager: Mounting plugin CodeLiteSourceCodeAccess
LogPluginManager: Mounting plugin GitSourceControl
LogPluginManager: Mounting plugin KDevelopSourceCodeAccess
LogPluginManager: Mounting plugin NullSourceCodeAccess
LogPluginManager: Mounting plugin PerforceSourceControl
LogPluginManager: Mounting plugin SubversionSourceControl
LogPluginManager: Mounting plugin UObjectPlugin
LogPluginManager: Mounting plugin VisualStudioCodeSourceCodeAccess
LogPluginManager: Mounting plugin VisualStudioSourceCodeAccess
LogPluginManager: Mounting plugin XCodeSourceCodeAccess
LogPluginManager: Mounting plugin AssetManagerEditor
LogPluginManager: Mounting plugin CryptoKeys
LogPluginManager: Mounting plugin DataValidation
LogPluginManager: Mounting plugin FacialAnimation
LogPluginManager: Mounting plugin GameplayTagsEditor
LogPluginManager: Mounting plugin MacGraphicsSwitching
LogPluginManager: Mounting plugin MeshEditor
LogPluginManager: Mounting plugin MobileLauncherProfileWizard
LogPluginManager: Mounting plugin PluginBrowser
LogPluginManager: Mounting plugin SpeedTreeImporter
LogPluginManager: Mounting plugin DatasmithContent
LogPluginManager: Mounting plugin VariantManagerContent
LogPluginManager: Mounting plugin AlembicImporter
LogPluginManager: Mounting plugin AppleImageUtils
LogPluginManager: Mounting plugin AppleVision
LogPluginManager: Mounting plugin BackChannel
LogPluginManager: Mounting plugin CharacterAI
LogPluginManager: Mounting plugin GeometryCache
LogPluginManager: Mounting plugin HTML5Networking
LogPluginManager: Mounting plugin ProxyLODPlugin
LogPluginManager: Mounting plugin MagicLeap
LogPluginManager: Mounting plugin MagicLeapMedia
LogPluginManager: Mounting plugin AndroidMedia
LogPluginManager: Mounting plugin AvfMedia
LogPluginManager: Mounting plugin ImgMedia
LogPluginManager: Mounting plugin LinearTimecode
LogPluginManager: Mounting plugin MediaCompositing
LogPluginManager: Mounting plugin MediaPlayerEditor
LogPluginManager: Mounting plugin WebMMedia
LogPluginManager: Mounting plugin WmfMedia
LogPluginManager: Mounting plugin TcpMessaging
LogPluginManager: Mounting plugin UdpMessaging
LogPluginManager: Mounting plugin ActorSequence
LogPluginManager: Mounting plugin LevelSequenceEditor
LogPluginManager: Mounting plugin MatineeToLevelSequence
LogPluginManager: Mounting plugin NetcodeUnitTest
LogPluginManager: Mounting plugin NUTUnrealEngine4
LogPluginManager: Mounting plugin OnlineSubsystemGooglePlay
LogPluginManager: Mounting plugin OnlineSubsystemIOS
LogPluginManager: Mounting plugin OnlineSubsystem
LogPluginManager: Mounting plugin OnlineSubsystemNull
LogPluginManager: Mounting plugin OnlineSubsystemUtils
LogPluginManager: Mounting plugin LauncherChunkInstaller
LogPluginManager: Mounting plugin AndroidDeviceProfileSelector
LogPluginManager: Mounting plugin AndroidMoviePlayer
LogPluginManager: Mounting plugin AndroidPermission
LogPluginManager: Mounting plugin AppleMoviePlayer
LogPluginManager: Mounting plugin ArchVisCharacter
LogPluginManager: Mounting plugin AudioCapture
LogPluginManager: Mounting plugin CableComponent
LogPluginManager: Mounting plugin CustomMeshComponent
LogPluginManager: Mounting plugin EditableMesh
LogPluginManager: Mounting plugin ExampleDeviceProfileSelector
LogPluginManager: Mounting plugin Firebase
LogPluginManager: Mounting plugin GoogleCloudMessaging
LogPluginManager: Mounting plugin IOSDeviceProfileSelector
LogPluginManager: Mounting plugin LinuxDeviceProfileSelector
LogPluginManager: Mounting plugin LocationServicesBPLibrary
LogPluginManager: Mounting plugin MobilePatchingUtils
LogPluginManager: Mounting plugin OculusVR
LogPluginManager: Mounting plugin PhysXVehicles
LogPluginManager: Mounting plugin ProceduralMeshComponent
LogPluginManager: Mounting plugin RuntimePhysXCooking
LogPluginManager: Mounting plugin SteamVR
LogPluginManager: Mounting plugin WebMMoviePlayer
LogPluginManager: Mounting plugin WindowsMoviePlayer
LogStreaming: Display: Took  0.169s to configure plugins.
LogInit: Using libcurl 7.55.1-DEV
LogInit:  - built for x86_64-pc-win32
LogInit:  - supports SSL with OpenSSL/1.0.2h
LogInit:  - supports HTTP deflate (compression) using libz 1.2.8
LogInit:  - other features:
LogInit:      CURL_VERSION_SSL
LogInit:      CURL_VERSION_LIBZ
LogInit:      CURL_VERSION_IPV6
LogInit:      CURL_VERSION_ASYNCHDNS
LogInit:      CURL_VERSION_LARGEFILE
LogInit:      CURL_VERSION_IDN
LogInit:  CurlRequestOptions (configurable via config and command line):
LogInit:  - bVerifyPeer = true  - Libcurl will verify peer certificate
LogInit:  - bUseHttpProxy = false  - Libcurl will NOT use HTTP proxy
LogInit:  - bDontReuseConnections = false  - Libcurl will reuse connections
LogInit:  - MaxHostConnections = 16  - Libcurl will limit the number of connections to a host
LogInit:  - LocalHostAddr = Default
LogInit:  - BufferSize = 65536
LogInit: WinSock: version 1.1 (2.2), MaxSocks=32767, MaxUdp=65467
LogInit: Build: ++UE4+Release-4.21-CL-4753647
LogInit: Engine Version: 4.21.2-4753647+++UE4+Release-4.21
LogInit: Compatible Engine Version: 4.21.0-4541578+++UE4+Release-4.21
LogInit: Net CL: 4541578
LogInit: OS: Windows 10 (), CPU: AMD A10-5745M APU with Radeon(tm) HD Graphics  , GPU: AMD Radeon HD 8610G
LogInit: Compiled (64-bit): Jan 19 2019 02:07:31
LogInit: Compiled with Visual C++: 19.13.26129.00
LogInit: Build Configuration: Development
LogInit: Branch Name: ++UE4+Release-4.21
LogInit: Command Line: 
LogInit: Base Directory: O:/UE4/UE_4.21/Engine/Binaries/Win64/
LogInit: Installed Engine Build: 1
LogDevObjectVersion: Number of dev versions registered: 22
LogDevObjectVersion:   Dev-Blueprints (B0D832E4-1F89-4F0D-ACCF-7EB736FD4AA2): 10
LogDevObjectVersion:   Dev-Build (E1C64328-A22C-4D53-A36C-8E866417BD8C): 0
LogDevObjectVersion:   Dev-Core (375EC13C-06E4-48FB-B500-84F0262A717E): 2
LogDevObjectVersion:   Dev-Editor (E4B068ED-F494-42E9-A231-DA0B2E46BB41): 26
LogDevObjectVersion:   Dev-Framework (CFFC743F-43B0-4480-9391-14DF171D2073): 34
LogDevObjectVersion:   Dev-Mobile (B02B49B5-BB20-44E9-A304-32B752E40360): 2
LogDevObjectVersion:   Dev-Networking (A4E4105C-59A1-49B5-A7C5-40C4547EDFEE): 0
LogDevObjectVersion:   Dev-Online (39C831C9-5AE6-47DC-9A44-9C173E1C8E7C): 0
LogDevObjectVersion:   Dev-Physics (78F01B33-EBEA-4F98-B9B4-84EACCB95AA2): 0
LogDevObjectVersion:   Dev-Platform (6631380F-2D4D-43E0-8009-CF276956A95A): 0
LogDevObjectVersion:   Dev-Rendering (12F88B9F-8875-4AFC-A67C-D90C383ABD29): 27
LogDevObjectVersion:   Dev-Sequencer (7B5AE74C-D270-4C10-A958-57980B212A5A): 9
LogDevObjectVersion:   Dev-VR (D7296918-1DD6-4BDD-9DE2-64A83CC13884): 2
LogDevObjectVersion:   Dev-LoadTimes (C2A15278-BFE7-4AFE-6C17-90FF531DF755): 1
LogDevObjectVersion:   Private-Geometry (6EACA3D4-40EC-4CC1-B786-8BED09428FC5): 3
LogDevObjectVersion:   Dev-AnimPhys (29E575DD-E0A3-4627-9D10-D276232CDCEA): 17
LogDevObjectVersion:   Dev-Anim (AF43A65D-7FD3-4947-9873-3E8ED9C1BB05): 2
LogDevObjectVersion:   Dev-ReflectionCapture (6B266CEC-1EC7-4B8F-A30B-E4D90942FC07): 1
LogDevObjectVersion:   Dev-Automation (0DF73D61-A23F-47EA-B727-89E90C41499A): 1
LogDevObjectVersion:   FortniteMain (601D1886-AC64-4F84-AA16-D3DE0DEAC7D6): 17
LogDevObjectVersion:   Dev-Enterprise (9DFFBCD6-494F-0158-E221-12823C92A888): 4
LogDevObjectVersion:   Dev-Niagara (F2AED0AC-9AFE-416F-8664-AA7FFA26D6FC): 1
LogStreaming: Display: Took  0.001s to delete old logs.
LogInit: Presizing for max 8388607 objects, including 0 objects not considered by GC, pre-allocating 0 bytes for permanent pool.
LogInit: Object subsystem initialized
LogConfig: Setting CVar [[con.DebugEarlyDefault:1]]
LogConfig: Setting CVar [[r.setres:1280x720]]
[2019.04.16-14.34.23:319][  0]LogConfig: Setting CVar [[r.VSync:0]]
[2019.04.16-14.34.23:319][  0]LogConfig: Setting CVar [[r.RHICmdBypass:0]]
[2019.04.16-14.34.23:319][  0]LogConfig: Applying CVar settings from Section [/Script/Engine.RendererSettings] File [O:/UE4/ue4/unreal-advanced-course-2019/homework15.04.2019/Saved/Config/Windows/Engine.ini]
[2019.04.16-14.34.23:319][  0]LogConfig: Setting CVar [[r.GPUCrashDebugging:0]]
[2019.04.16-14.34.23:319][  0]LogConfig: Applying CVar settings from Section [/Script/Engine.RendererOverrideSettings] File [O:/UE4/ue4/unreal-advanced-course-2019/homework15.04.2019/Saved/Config/Windows/Engine.ini]
[2019.04.16-14.34.23:319][  0]LogConfig: Applying CVar settings from Section [/Script/Engine.StreamingSettings] File [O:/UE4/ue4/unreal-advanced-course-2019/homework15.04.2019/Saved/Config/Windows/Engine.ini]
[2019.04.16-14.34.23:319][  0]LogConfig: Setting CVar [[s.MinBulkDataSizeForAsyncLoading:131072]]
[2019.04.16-14.34.23:319][  0]LogConfig: Setting CVar [[s.AsyncLoadingThreadEnabled:0]]
[2019.04.16-14.34.23:319][  0]LogConfig: Setting CVar [[s.EventDrivenLoaderEnabled:1]]
[2019.04.16-14.34.23:320][  0]LogConfig: Setting CVar [[s.WarnIfTimeLimitExceeded:0]]
[2019.04.16-14.34.23:320][  0]LogConfig: Setting CVar [[s.TimeLimitExceededMultiplier:1.5]]
[2019.04.16-14.34.23:320][  0]LogConfig: Setting CVar [[s.TimeLimitExceededMinTime:0.005]]
[2019.04.16-14.34.23:320][  0]LogConfig: Setting CVar [[s.UseBackgroundLevelStreaming:1]]
[2019.04.16-14.34.23:320][  0]LogConfig: Setting CVar [[s.PriorityAsyncLoadingExtraTime:15.0]]
[2019.04.16-14.34.23:320][  0]LogConfig: Setting CVar [[s.LevelStreamingActorsUpdateTimeLimit:5.0]]
[2019.04.16-14.34.23:320][  0]LogConfig: Setting CVar [[s.PriorityLevelStreamingActorsUpdateExtraTime:5.0]]
[2019.04.16-14.34.23:320][  0]LogConfig: Setting CVar [[s.LevelStreamingComponentsRegistrationGranularity:10]]
[2019.04.16-14.34.23:320][  0]LogConfig: Setting CVar [[s.UnregisterComponentsTimeLimit:1.0]]
[2019.04.16-14.34.23:320][  0]LogConfig: Setting CVar [[s.LevelStreamingComponentsUnregistrationGranularity:5]]
[2019.04.16-14.34.23:320][  0]LogConfig: Applying CVar settings from Section [/Script/Engine.GarbageCollectionSettings] File [O:/UE4/ue4/unreal-advanced-course-2019/homework15.04.2019/Saved/Config/Windows/Engine.ini]
[2019.04.16-14.34.23:320][  0]LogConfig: Setting CVar [[gc.MaxObjectsNotConsideredByGC:1]]
[2019.04.16-14.34.23:320][  0]LogConfig: Setting CVar [[gc.SizeOfPermanentObjectPool:0]]
[2019.04.16-14.34.23:320][  0]LogConfig: Setting CVar [[gc.FlushStreamingOnGC:0]]
[2019.04.16-14.34.23:320][  0]LogConfig: Setting CVar [[gc.NumRetriesBeforeForcingGC:10]]
[2019.04.16-14.34.23:320][  0]LogConfig: Setting CVar [[gc.AllowParallelGC:1]]
[2019.04.16-14.34.23:320][  0]LogConfig: Setting CVar [[gc.TimeBetweenPurgingPendingKillObjects:61.1]]
[2019.04.16-14.34.23:320][  0]LogConfig: Setting CVar [[gc.MaxObjectsInEditor:8388607]]
[2019.04.16-14.34.23:320][  0]LogConfig: Setting CVar [[gc.IncrementalBeginDestroyEnabled:1]]
[2019.04.16-14.34.23:320][  0]LogConfig: Setting CVar [[gc.CreateGCClusters:1]]
[2019.04.16-14.34.23:320][  0]LogConfig: Setting CVar [[gc.MergeGCClusters:0]]
[2019.04.16-14.34.23:320][  0]LogConfig: Setting CVar [[gc.MinGCClusterSize:5]]
[2019.04.16-14.34.23:320][  0]LogConfig: Setting CVar [[gc.ActorClusteringEnabled:0]]
[2019.04.16-14.34.23:320][  0]LogConfig: Setting CVar [[gc.BlueprintClusteringEnabled:0]]
[2019.04.16-14.34.23:320][  0]LogConfig: Setting CVar [[gc.UseDisregardForGCOnDedicatedServers:0]]
[2019.04.16-14.34.23:320][  0]LogConfig: Applying CVar settings from Section [/Script/Engine.NetworkSettings] File [O:/UE4/ue4/unreal-advanced-course-2019/homework15.04.2019/Saved/Config/Windows/Engine.ini]
[2019.04.16-14.34.23:320][  0]LogConfig: Applying CVar settings from Section [/Script/UnrealEd.CookerSettings] File [O:/UE4/ue4/unreal-advanced-course-2019/homework15.04.2019/Saved/Config/Windows/Engine.ini]
[2019.04.16-14.34.23:325][  0]LogConfig: Applying CVar settings from Section [ViewDistanceQuality@3] File [O:/UE4/ue4/unreal-advanced-course-2019/homework15.04.2019/Saved/Config/Windows/Scalability.ini]
[2019.04.16-14.34.23:325][  0]LogConfig: Setting CVar [[r.SkeletalMeshLODBias:0]]
[2019.04.16-14.34.23:325][  0]LogConfig: Setting CVar [[r.ViewDistanceScale:1.0]]
[2019.04.16-14.34.23:325][  0]LogConfig: Applying CVar settings from Section [AntiAliasingQuality@3] File [O:/UE4/ue4/unreal-advanced-course-2019/homework15.04.2019/Saved/Config/Windows/Scalability.ini]
[2019.04.16-14.34.23:325][  0]LogConfig: Setting CVar [[r.PostProcessAAQuality:4]]
[2019.04.16-14.34.23:325][  0]LogConfig: Applying CVar settings from Section [ShadowQuality@3] File [O:/UE4/ue4/unreal-advanced-course-2019/homework15.04.2019/Saved/Config/Windows/Scalability.ini]
[2019.04.16-14.34.23:325][  0]LogConfig: Setting CVar [[r.LightFunctionQuality:1]]
[2019.04.16-14.34.23:325][  0]LogConfig: Setting CVar [[r.ShadowQuality:5]]
[2019.04.16-14.34.23:325][  0]LogConfig: Setting CVar [[r.Shadow.CSM.MaxCascades:10]]
[2019.04.16-14.34.23:325][  0]LogConfig: Setting CVar [[r.Shadow.MaxResolution:2048]]
[2019.04.16-14.34.23:325][  0]LogConfig: Setting CVar [[r.Shadow.MaxCSMResolution:2048]]
[2019.04.16-14.34.23:325][  0]LogConfig: Setting CVar [[r.Shadow.RadiusThreshold:0.01]]
[2019.04.16-14.34.23:325][  0]LogConfig: Setting CVar [[r.Shadow.DistanceScale:1.0]]
[2019.04.16-14.34.23:325][  0]LogConfig: Setting CVar [[r.Shadow.CSM.TransitionScale:1.0]]
[2019.04.16-14.34.23:325][  0]LogConfig: Setting CVar [[r.Shadow.PreShadowResolutionFactor:1.0]]
[2019.04.16-14.34.23:325][  0]LogConfig: Setting CVar [[r.DistanceFieldShadowing:1]]
[2019.04.16-14.34.23:325][  0]LogConfig: Setting CVar [[r.DistanceFieldAO:1]]
[2019.04.16-14.34.23:325][  0]LogConfig: Setting CVar [[r.AOQuality:2]]
[2019.04.16-14.34.23:325][  0]LogConfig: Setting CVar [[r.VolumetricFog:1]]
[2019.04.16-14.34.23:325][  0]LogConfig: Setting CVar [[r.VolumetricFog.GridPixelSize:8]]
[2019.04.16-14.34.23:325][  0]LogConfig: Setting CVar [[r.VolumetricFog.GridSizeZ:128]]
[2019.04.16-14.34.23:325][  0]LogConfig: Setting CVar [[r.VolumetricFog.HistoryMissSupersampleCount:4]]
[2019.04.16-14.34.23:325][  0]LogConfig: Setting CVar [[r.LightMaxDrawDistanceScale:1]]
[2019.04.16-14.34.23:326][  0]LogConfig: Setting CVar [[r.CapsuleShadows:1]]
[2019.04.16-14.34.23:326][  0]LogConfig: Applying CVar settings from Section [PostProcessQuality@3] File [O:/UE4/ue4/unreal-advanced-course-2019/homework15.04.2019/Saved/Config/Windows/Scalability.ini]
[2019.04.16-14.34.23:326][  0]LogConfig: Setting CVar [[r.MotionBlurQuality:4]]
[2019.04.16-14.34.23:326][  0]LogConfig: Setting CVar [[r.AmbientOcclusionMipLevelFactor:0.4]]
[2019.04.16-14.34.23:326][  0]LogConfig: Setting CVar [[r.AmbientOcclusionMaxQuality:100]]
[2019.04.16-14.34.23:326][  0]LogConfig: Setting CVar [[r.AmbientOcclusionLevels:-1]]
[2019.04.16-14.34.23:326][  0]LogConfig: Setting CVar [[r.AmbientOcclusionRadiusScale:1.0]]
[2019.04.16-14.34.23:326][  0]LogConfig: Setting CVar [[r.DepthOfFieldQuality:2]]
[2019.04.16-14.34.23:326][  0]LogConfig: Setting CVar [[r.RenderTargetPoolMin:400]]
[2019.04.16-14.34.23:326][  0]LogConfig: Setting CVar [[r.LensFlareQuality:2]]
[2019.04.16-14.34.23:326][  0]LogConfig: Setting CVar [[r.SceneColorFringeQuality:1]]
[2019.04.16-14.34.23:326][  0]LogConfig: Setting CVar [[r.EyeAdaptationQuality:2]]
[2019.04.16-14.34.23:326][  0]LogConfig: Setting CVar [[r.BloomQuality:5]]
[2019.04.16-14.34.23:326][  0]LogConfig: Setting CVar [[r.FastBlurThreshold:100]]
[2019.04.16-14.34.23:326][  0]LogConfig: Setting CVar [[r.Upscale.Quality:3]]
[2019.04.16-14.34.23:326][  0]LogConfig: Setting CVar [[r.Tonemapper.GrainQuantization:1]]
[2019.04.16-14.34.23:326][  0]LogConfig: Setting CVar [[r.LightShaftQuality:1]]
[2019.04.16-14.34.23:326][  0]LogConfig: Setting CVar [[r.Filter.SizeScale:1]]
[2019.04.16-14.34.23:326][  0]LogConfig: Setting CVar [[r.Tonemapper.Quality:5]]
[2019.04.16-14.34.23:326][  0]LogConfig: Setting CVar [[r.DOF.Gather.AccumulatorQuality:1        ; higher gathering accumulator quality]]
[2019.04.16-14.34.23:326][  0]LogConfig: Setting CVar [[r.DOF.Gather.PostfilterMethod:1          ; Median3x3 postfilering method]]
[2019.04.16-14.34.23:326][  0]LogConfig: Setting CVar [[r.DOF.Gather.EnableBokehSettings:0       ; no bokeh simulation when gathering]]
[2019.04.16-14.34.23:326][  0]LogConfig: Setting CVar [[r.DOF.Gather.RingCount:4                 ; medium number of samples when gathering]]
[2019.04.16-14.34.23:326][  0]LogConfig: Setting CVar [[r.DOF.Scatter.ForegroundCompositing:1    ; additive foreground scattering]]
[2019.04.16-14.34.23:326][  0]LogConfig: Setting CVar [[r.DOF.Scatter.BackgroundCompositing:2    ; additive background scattering]]
[2019.04.16-14.34.23:326][  0]LogConfig: Setting CVar [[r.DOF.Scatter.EnableBokehSettings:1      ; bokeh simulation when scattering]]
[2019.04.16-14.34.23:326][  0]LogConfig: Setting CVar [[r.DOF.Scatter.MaxSpriteRatio:0.1         ; only a maximum of 10% of scattered bokeh]]
[2019.04.16-14.34.23:326][  0]LogConfig: Setting CVar [[r.DOF.Recombine.Quality:1                ; cheap slight out of focus]]
[2019.04.16-14.34.23:327][  0]LogConfig: Setting CVar [[r.DOF.Recombine.EnableBokehSettings:0    ; no bokeh simulation on slight out of focus]]
[2019.04.16-14.34.23:327][  0]LogConfig: Setting CVar [[r.DOF.TemporalAAQuality:1                ; more stable temporal accumulation]]
[2019.04.16-14.34.23:327][  0]LogConfig: Setting CVar [[r.DOF.Kernel.MaxForegroundRadius:0.025]]
[2019.04.16-14.34.23:327][  0]LogConfig: Setting CVar [[r.DOF.Kernel.MaxBackgroundRadius:0.025]]
[2019.04.16-14.34.23:327][  0]LogConfig: Applying CVar settings from Section [TextureQuality@3] File [O:/UE4/ue4/unreal-advanced-course-2019/homework15.04.2019/Saved/Config/Windows/Scalability.ini]
[2019.04.16-14.34.23:327][  0]LogConfig: Setting CVar [[r.Streaming.MipBias:0]]
[2019.04.16-14.34.23:327][  0]LogConfig: Setting CVar [[r.Streaming.AmortizeCPUToGPUCopy:0]]
[2019.04.16-14.34.23:327][  0]LogConfig: Setting CVar [[r.Streaming.MaxNumTexturesToStreamPerFrame:0]]
[2019.04.16-14.34.23:327][  0]LogConfig: Setting CVar [[r.Streaming.Boost:1]]
[2019.04.16-14.34.23:327][  0]LogConfig: Setting CVar [[r.MaxAnisotropy:8]]
[2019.04.16-14.34.23:327][  0]LogConfig: Setting CVar [[r.Streaming.LimitPoolSizeToVRAM:0]]
[2019.04.16-14.34.23:327][  0]LogConfig: Setting CVar [[r.Streaming.PoolSize:1000]]
[2019.04.16-14.34.23:327][  0]LogConfig: Setting CVar [[r.Streaming.MaxEffectiveScreenSize:0]]
[2019.04.16-14.34.23:327][  0]LogConfig: Applying CVar settings from Section [EffectsQuality@3] File [O:/UE4/ue4/unreal-advanced-course-2019/homework15.04.2019/Saved/Config/Windows/Scalability.ini]
[2019.04.16-14.34.23:327][  0]LogConfig: Setting CVar [[r.TranslucencyLightingVolumeDim:64]]
[2019.04.16-14.34.23:327][  0]LogConfig: Setting CVar [[r.RefractionQuality:2]]
[2019.04.16-14.34.23:327][  0]LogConfig: Setting CVar [[r.SSR.Quality:3]]
[2019.04.16-14.34.23:327][  0]LogConfig: Setting CVar [[r.SceneColorFormat:4]]
[2019.04.16-14.34.23:327][  0]LogConfig: Setting CVar [[r.DetailMode:2]]
[2019.04.16-14.34.23:327][  0]LogConfig: Setting CVar [[r.TranslucencyVolumeBlur:1]]
[2019.04.16-14.34.23:327][  0]LogConfig: Setting CVar [[r.MaterialQualityLevel:1 ; High quality]]
[2019.04.16-14.34.23:327][  0]LogConfig: Setting CVar [[r.SSS.Scale:1]]
[2019.04.16-14.34.23:327][  0]LogConfig: Setting CVar [[r.SSS.SampleSet:2]]
[2019.04.16-14.34.23:327][  0]LogConfig: Setting CVar [[r.SSS.Quality:1]]
[2019.04.16-14.34.23:327][  0]LogConfig: Setting CVar [[r.SSS.HalfRes:1]]
[2019.04.16-14.34.23:327][  0]LogConfig: Setting CVar [[r.EmitterSpawnRateScale:1.0]]
[2019.04.16-14.34.23:327][  0]LogConfig: Setting CVar [[r.ParticleLightQuality:2]]
[2019.04.16-14.34.23:327][  0]LogConfig: Applying CVar settings from Section [FoliageQuality@3] File [O:/UE4/ue4/unreal-advanced-course-2019/homework15.04.2019/Saved/Config/Windows/Scalability.ini]
[2019.04.16-14.34.23:327][  0]LogConfig: Setting CVar [[foliage.DensityScale:1.0]]
[2019.04.16-14.34.23:327][  0]LogConfig: Setting CVar [[grass.DensityScale:1.0]]
[2019.04.16-14.34.23:327][  0]LogInit: Selected Device Profile: [Windows]
[2019.04.16-14.34.23:327][  0]LogInit: Applying CVar settings loaded from the selected device profile: [Windows]
[2019.04.16-14.34.23:374][  0]LogHAL: Display: Platform has ~ 8 GB [7722176512 / 8589934592 / 8], which maps to Default [LargestMinGB=32, LargerMinGB=12, DefaultMinGB=8, SmallerMinGB=6, SmallestMinGB=0)
[2019.04.16-14.34.23:375][  0]LogConfig: Setting CVar [[r.Vulkan.UseRealUBs:1]]
[2019.04.16-14.34.23:375][  0]LogInit: Going up to parent DeviceProfile []
[2019.04.16-14.34.23:375][  0]LogConfig: Applying CVar settings from Section [ViewDistanceQuality@3] File [O:/UE4/ue4/unreal-advanced-course-2019/homework15.04.2019/Saved/Config/Windows/Scalability.ini]
[2019.04.16-14.34.23:375][  0]LogConfig: Setting CVar [[r.SkeletalMeshLODBias:0]]
[2019.04.16-14.34.23:375][  0]LogConfig: Setting CVar [[r.ViewDistanceScale:1.0]]
[2019.04.16-14.34.23:375][  0]LogConfig: Applying CVar settings from Section [AntiAliasingQuality@3] File [O:/UE4/ue4/unreal-advanced-course-2019/homework15.04.2019/Saved/Config/Windows/Scalability.ini]
[2019.04.16-14.34.23:375][  0]LogConfig: Setting CVar [[r.PostProcessAAQuality:4]]
[2019.04.16-14.34.23:375][  0]LogConfig: Applying CVar settings from Section [ShadowQuality@3] File [O:/UE4/ue4/unreal-advanced-course-2019/homework15.04.2019/Saved/Config/Windows/Scalability.ini]
[2019.04.16-14.34.23:375][  0]LogConfig: Setting CVar [[r.LightFunctionQuality:1]]
[2019.04.16-14.34.23:375][  0]LogConfig: Setting CVar [[r.ShadowQuality:5]]
[2019.04.16-14.34.23:375][  0]LogConfig: Setting CVar [[r.Shadow.CSM.MaxCascades:10]]
[2019.04.16-14.34.23:375][  0]LogConfig: Setting CVar [[r.Shadow.MaxResolution:2048]]
[2019.04.16-14.34.23:375][  0]LogConfig: Setting CVar [[r.Shadow.MaxCSMResolution:2048]]
[2019.04.16-14.34.23:375][  0]LogConfig: Setting CVar [[r.Shadow.RadiusThreshold:0.01]]
[2019.04.16-14.34.23:375][  0]LogConfig: Setting CVar [[r.Shadow.DistanceScale:1.0]]
[2019.04.16-14.34.23:375][  0]LogConfig: Setting CVar [[r.Shadow.CSM.TransitionScale:1.0]]
[2019.04.16-14.34.23:375][  0]LogConfig: Setting CVar [[r.Shadow.PreShadowResolutionFactor:1.0]]
[2019.04.16-14.34.23:375][  0]LogConfig: Setting CVar [[r.DistanceFieldShadowing:1]]
[2019.04.16-14.34.23:375][  0]LogConfig: Setting CVar [[r.DistanceFieldAO:1]]
[2019.04.16-14.34.23:375][  0]LogConfig: Setting CVar [[r.AOQuality:2]]
[2019.04.16-14.34.23:375][  0]LogConfig: Setting CVar [[r.VolumetricFog:1]]
[2019.04.16-14.34.23:375][  0]LogConfig: Setting CVar [[r.VolumetricFog.GridPixelSize:8]]
[2019.04.16-14.34.23:375][  0]LogConfig: Setting CVar [[r.VolumetricFog.GridSizeZ:128]]
[2019.04.16-14.34.23:375][  0]LogConfig: Setting CVar [[r.VolumetricFog.HistoryMissSupersampleCount:4]]
[2019.04.16-14.34.23:375][  0]LogConfig: Setting CVar [[r.LightMaxDrawDistanceScale:1]]
[2019.04.16-14.34.23:375][  0]LogConfig: Setting CVar [[r.CapsuleShadows:1]]
[2019.04.16-14.34.23:376][  0]LogConfig: Applying CVar settings from Section [PostProcessQuality@3] File [O:/UE4/ue4/unreal-advanced-course-2019/homework15.04.2019/Saved/Config/Windows/Scalability.ini]
[2019.04.16-14.34.23:376][  0]LogConfig: Setting CVar [[r.MotionBlurQuality:4]]
[2019.04.16-14.34.23:376][  0]LogConfig: Setting CVar [[r.AmbientOcclusionMipLevelFactor:0.4]]
[2019.04.16-14.34.23:376][  0]LogConfig: Setting CVar [[r.AmbientOcclusionMaxQuality:100]]
[2019.04.16-14.34.23:376][  0]LogConfig: Setting CVar [[r.AmbientOcclusionLevels:-1]]
[2019.04.16-14.34.23:376][  0]LogConfig: Setting CVar [[r.AmbientOcclusionRadiusScale:1.0]]
[2019.04.16-14.34.23:376][  0]LogConfig: Setting CVar [[r.DepthOfFieldQuality:2]]
[2019.04.16-14.34.23:376][  0]LogConfig: Setting CVar [[r.RenderTargetPoolMin:400]]
[2019.04.16-14.34.23:376][  0]LogConfig: Setting CVar [[r.LensFlareQuality:2]]
[2019.04.16-14.34.23:376][  0]LogConfig: Setting CVar [[r.SceneColorFringeQuality:1]]
[2019.04.16-14.34.23:376][  0]LogConfig: Setting CVar [[r.EyeAdaptationQuality:2]]
[2019.04.16-14.34.23:376][  0]LogConfig: Setting CVar [[r.BloomQuality:5]]
[2019.04.16-14.34.23:376][  0]LogConfig: Setting CVar [[r.FastBlurThreshold:100]]
[2019.04.16-14.34.23:376][  0]LogConfig: Setting CVar [[r.Upscale.Quality:3]]
[2019.04.16-14.34.23:376][  0]LogConfig: Setting CVar [[r.Tonemapper.GrainQuantization:1]]
[2019.04.16-14.34.23:376][  0]LogConfig: Setting CVar [[r.LightShaftQuality:1]]
[2019.04.16-14.34.23:376][  0]LogConfig: Setting CVar [[r.Filter.SizeScale:1]]
[2019.04.16-14.34.23:376][  0]LogConfig: Setting CVar [[r.Tonemapper.Quality:5]]
[2019.04.16-14.34.23:376][  0]LogConfig: Setting CVar [[r.DOF.Gather.AccumulatorQuality:1        ; higher gathering accumulator quality]]
[2019.04.16-14.34.23:376][  0]LogConfig: Setting CVar [[r.DOF.Gather.PostfilterMethod:1          ; Median3x3 postfilering method]]
[2019.04.16-14.34.23:376][  0]LogConfig: Setting CVar [[r.DOF.Gather.EnableBokehSettings:0       ; no bokeh simulation when gathering]]
[2019.04.16-14.34.23:376][  0]LogConfig: Setting CVar [[r.DOF.Gather.RingCount:4                 ; medium number of samples when gathering]]
[2019.04.16-14.34.23:376][  0]LogConfig: Setting CVar [[r.DOF.Scatter.ForegroundCompositing:1    ; additive foreground scattering]]
[2019.04.16-14.34.23:376][  0]LogConfig: Setting CVar [[r.DOF.Scatter.BackgroundCompositing:2    ; additive background scattering]]
[2019.04.16-14.34.23:376][  0]LogConfig: Setting CVar [[r.DOF.Scatter.EnableBokehSettings:1      ; bokeh simulation when scattering]]
[2019.04.16-14.34.23:376][  0]LogConfig: Setting CVar [[r.DOF.Scatter.MaxSpriteRatio:0.1         ; only a maximum of 10% of scattered bokeh]]
[2019.04.16-14.34.23:376][  0]LogConfig: Setting CVar [[r.DOF.Recombine.Quality:1                ; cheap slight out of focus]]
[2019.04.16-14.34.23:376][  0]LogConfig: Setting CVar [[r.DOF.Recombine.EnableBokehSettings:0    ; no bokeh simulation on slight out of focus]]
[2019.04.16-14.34.23:376][  0]LogConfig: Setting CVar [[r.DOF.TemporalAAQuality:1                ; more stable temporal accumulation]]
[2019.04.16-14.34.23:376][  0]LogConfig: Setting CVar [[r.DOF.Kernel.MaxForegroundRadius:0.025]]
[2019.04.16-14.34.23:376][  0]LogConfig: Setting CVar [[r.DOF.Kernel.MaxBackgroundRadius:0.025]]
[2019.04.16-14.34.23:376][  0]LogConfig: Applying CVar settings from Section [TextureQuality@3] File [O:/UE4/ue4/unreal-advanced-course-2019/homework15.04.2019/Saved/Config/Windows/Scalability.ini]
[2019.04.16-14.34.23:376][  0]LogConfig: Setting CVar [[r.Streaming.MipBias:0]]
[2019.04.16-14.34.23:376][  0]LogConfig: Setting CVar [[r.Streaming.AmortizeCPUToGPUCopy:0]]
[2019.04.16-14.34.23:376][  0]LogConfig: Setting CVar [[r.Streaming.MaxNumTexturesToStreamPerFrame:0]]
[2019.04.16-14.34.23:377][  0]LogConfig: Setting CVar [[r.Streaming.Boost:1]]
[2019.04.16-14.34.23:377][  0]LogConfig: Setting CVar [[r.MaxAnisotropy:8]]
[2019.04.16-14.34.23:377][  0]LogConfig: Setting CVar [[r.Streaming.LimitPoolSizeToVRAM:0]]
[2019.04.16-14.34.23:377][  0]LogConfig: Setting CVar [[r.Streaming.PoolSize:1000]]
[2019.04.16-14.34.23:377][  0]LogConfig: Setting CVar [[r.Streaming.MaxEffectiveScreenSize:0]]
[2019.04.16-14.34.23:377][  0]LogConfig: Applying CVar settings from Section [EffectsQuality@3] File [O:/UE4/ue4/unreal-advanced-course-2019/homework15.04.2019/Saved/Config/Windows/Scalability.ini]
[2019.04.16-14.34.23:377][  0]LogConfig: Setting CVar [[r.TranslucencyLightingVolumeDim:64]]
[2019.04.16-14.34.23:377][  0]LogConfig: Setting CVar [[r.RefractionQuality:2]]
[2019.04.16-14.34.23:377][  0]LogConfig: Setting CVar [[r.SSR.Quality:3]]
[2019.04.16-14.34.23:377][  0]LogConfig: Setting CVar [[r.SceneColorFormat:4]]
[2019.04.16-14.34.23:377][  0]LogConfig: Setting CVar [[r.DetailMode:2]]
[2019.04.16-14.34.23:377][  0]LogConfig: Setting CVar [[r.TranslucencyVolumeBlur:1]]
[2019.04.16-14.34.23:377][  0]LogConfig: Setting CVar [[r.MaterialQualityLevel:1 ; High quality]]
[2019.04.16-14.34.23:377][  0]LogConfig: Setting CVar [[r.SSS.Scale:1]]
[2019.04.16-14.34.23:377][  0]LogConfig: Setting CVar [[r.SSS.SampleSet:2]]
[2019.04.16-14.34.23:377][  0]LogConfig: Setting CVar [[r.SSS.Quality:1]]
[2019.04.16-14.34.23:377][  0]LogConfig: Setting CVar [[r.SSS.HalfRes:1]]
[2019.04.16-14.34.23:377][  0]LogConfig: Setting CVar [[r.EmitterSpawnRateScale:1.0]]
[2019.04.16-14.34.23:377][  0]LogConfig: Setting CVar [[r.ParticleLightQuality:2]]
[2019.04.16-14.34.23:377][  0]LogConfig: Applying CVar settings from Section [FoliageQuality@3] File [O:/UE4/ue4/unreal-advanced-course-2019/homework15.04.2019/Saved/Config/Windows/Scalability.ini]
[2019.04.16-14.34.23:377][  0]LogConfig: Setting CVar [[foliage.DensityScale:1.0]]
[2019.04.16-14.34.23:377][  0]LogConfig: Setting CVar [[grass.DensityScale:1.0]]
[2019.04.16-14.34.23:377][  0]LogConfig: Applying CVar settings from Section [Startup] File [../../../Engine/Config/ConsoleVariables.ini]
[2019.04.16-14.34.23:378][  0]LogConfig: Setting CVar [[net.UseAdaptiveNetUpdateFrequency:0]]
[2019.04.16-14.34.23:378][  0]LogConfig: Applying CVar settings from Section [ConsoleVariables] File [O:/UE4/ue4/unreal-advanced-course-2019/homework15.04.2019/Saved/Config/Windows/Engine.ini]
[2019.04.16-14.34.23:378][  0]LogInit: Computer: DESKTOP-4OF0AOK
[2019.04.16-14.34.23:378][  0]LogInit: User: Vladok
[2019.04.16-14.34.23:378][  0]LogInit: CPU Page size=4096, Cores=4
[2019.04.16-14.34.23:378][  0]LogInit: High frequency timer resolution =2.046958 MHz
[2019.04.16-14.34.23:378][  0]LogMemory: Memory total: Physical=7.2GB (8GB approx)
[2019.04.16-14.34.23:378][  0]LogMemory: Platform Memory Stats for Windows
[2019.04.16-14.34.23:378][  0]LogMemory: Process Physical Memory: 102.63 MB used, 102.63 MB peak
[2019.04.16-14.34.23:378][  0]LogMemory: Process Virtual Memory: 84.73 MB used, 84.73 MB peak
[2019.04.16-14.34.23:379][  0]LogMemory: Physical Memory: 4105.42 MB used,  3259.02 MB free, 7364.44 MB total
[2019.04.16-14.34.23:379][  0]LogMemory: Virtual Memory: 498.86 MB used,  134217232.00 MB free, 134217728.00 MB total
[2019.04.16-14.34.23:404][  0]LogInit: Using OS detected language (ru-RU).
[2019.04.16-14.34.23:404][  0]LogInit: Using OS detected locale (ru-RU).
[2019.04.16-14.34.23:406][  0]LogTextLocalizationManager: No specific localization for 'ru-RU' exists, so the 'ru' localization will be used.
[2019.04.16-14.34.23:408][  0]LogStreaming: Display: Took  0.004s to InitEngineTextLocalization.
[2019.04.16-14.34.23:408][  0]LogInit: Setting process to per monitor DPI aware
[2019.04.16-14.34.23:457][  0]LogSlate: New Slate User Created.  User Index 0, Is Virtual User: 0
[2019.04.16-14.34.23:457][  0]LogSlate: Slate User Registered.  User Index 0, Is Virtual User: 0
[2019.04.16-14.34.23:832][  0]LogHMD: Failed to initialize OpenVR with code 110
[2019.04.16-14.34.23:832][  0]LogD3D11RHI: D3D11 adapters:
[2019.04.16-14.34.23:875][  0]LogD3D11RHI:    0. 'AMD Radeon HD 8610G' (Feature Level 11_0)
[2019.04.16-14.34.23:875][  0]LogD3D11RHI:       2786/0/3456 MB DedicatedVideo/DedicatedSystem/SharedSystem, Outputs:1, VendorId:0x1002
[2019.04.16-14.34.23:878][  0]LogD3D11RHI:    1. 'Microsoft Basic Render Driver' (Feature Level 11_0)
[2019.04.16-14.34.23:878][  0]LogD3D11RHI:       0/0/3682 MB DedicatedVideo/DedicatedSystem/SharedSystem, Outputs:0, VendorId:0x1414
[2019.04.16-14.34.23:878][  0]LogD3D11RHI: Chosen D3D11 Adapter: 0
[2019.04.16-14.34.23:887][  0]LogD3D11RHI: Creating new Direct3DDevice
[2019.04.16-14.34.23:887][  0]LogD3D11RHI:     GPU DeviceId: 0x990f (for the marketing name, search the web for "GPU Device Id")
[2019.04.16-14.34.23:887][  0]LogWindows: EnumDisplayDevices:
[2019.04.16-14.34.23:887][  0]LogWindows:    0. 'AMD Radeon HD 8610G' (P:1 D:1)
[2019.04.16-14.34.23:888][  0]LogWindows:    1. 'AMD Radeon HD 8610G' (P:0 D:0)
[2019.04.16-14.34.23:889][  0]LogWindows:    2. 'AMD Radeon HD 8610G' (P:0 D:0)
[2019.04.16-14.34.23:889][  0]LogWindows:    3. 'AMD Radeon HD 8610G' (P:0 D:0)
[2019.04.16-14.34.23:890][  0]LogWindows: DebugString: FoundDriverCount:4 
[2019.04.16-14.34.23:890][  0]LogD3D11RHI:     Adapter Name: AMD Radeon HD 8610G
[2019.04.16-14.34.23:890][  0]LogD3D11RHI:   Driver Version: Catalyst 15.7.1 (internal:15.200.1062.1004, unified:15.200.1062.1004)
[2019.04.16-14.34.23:890][  0]LogD3D11RHI:      Driver Date: 8-3-2015
[2019.04.16-14.34.23:890][  0]LogRHI: Texture pool is 1950 MB (70% of 2786 MB)
[2019.04.16-14.34.23:939][  0]LogD3D11RHI: AMD Pre GCN architecture detected, some driver workarounds will be in place
[2019.04.16-14.34.23:967][  0]LogD3D11RHI: Async texture creation enabled
[2019.04.16-14.34.23:987][  0]LogD3D11RHI: GPU Timing Frequency: 27.000000 (Debug: 2 2)
[2019.04.16-14.34.24:585][  0]LogTemp: Display: Loaded TP AllDesktopTargetPlatform
[2019.04.16-14.34.24:617][  0]LogTemp: Display: Loaded TP MacClientTargetPlatform
[2019.04.16-14.34.24:649][  0]LogTemp: Display: Loaded TP MacNoEditorTargetPlatform
[2019.04.16-14.34.24:682][  0]LogTemp: Display: Loaded TP MacServerTargetPlatform
[2019.04.16-14.34.24:714][  0]LogTemp: Display: Loaded TP MacTargetPlatform
[2019.04.16-14.34.24:745][  0]LogTemp: Display: Loaded TP WindowsClientTargetPlatform
[2019.04.16-14.34.24:776][  0]LogTemp: Display: Loaded TP WindowsNoEditorTargetPlatform
[2019.04.16-14.34.24:808][  0]LogTemp: Display: Loaded TP WindowsServerTargetPlatform
[2019.04.16-14.34.24:821][  0]LogTemp: Display: Loaded TP WindowsTargetPlatform
[2019.04.16-14.34.25:004][  0]LogTemp: Display: Loaded TP AndroidTargetPlatform
[2019.04.16-14.34.25:004][  0]LogTemp: Display: Loaded TP AndroidTargetPlatform
[2019.04.16-14.34.25:004][  0]LogTemp: Display: Loaded TP AndroidTargetPlatform
[2019.04.16-14.34.25:004][  0]LogTemp: Display: Loaded TP AndroidTargetPlatform
[2019.04.16-14.34.25:004][  0]LogTemp: Display: Loaded TP AndroidTargetPlatform
[2019.04.16-14.34.25:004][  0]LogTemp: Display: Loaded TP AndroidTargetPlatform
[2019.04.16-14.34.25:004][  0]LogTemp: Display: Loaded TP AndroidTargetPlatform
[2019.04.16-14.34.25:004][  0]LogTemp: Display: Loaded TP AndroidTargetPlatform
[2019.04.16-14.34.25:004][  0]LogTemp: Display: Loaded TP AndroidTargetPlatform
[2019.04.16-14.34.25:004][  0]LogTemp: Display: Loaded TP AndroidTargetPlatform
[2019.04.16-14.34.25:004][  0]LogTemp: Display: Loaded TP AndroidTargetPlatform
[2019.04.16-14.34.25:004][  0]LogTemp: Display: Loaded TP AndroidTargetPlatform
[2019.04.16-14.34.25:004][  0]LogTemp: Display: Loaded TP AndroidTargetPlatform
[2019.04.16-14.34.25:004][  0]LogTemp: Display: Loaded TP AndroidTargetPlatform
[2019.04.16-14.34.25:004][  0]LogTemp: Display: Loaded TP AndroidTargetPlatform
[2019.04.16-14.34.25:004][  0]LogTemp: Display: Loaded TP AndroidTargetPlatform
[2019.04.16-14.34.25:004][  0]LogTemp: Display: Loaded TP AndroidTargetPlatform
[2019.04.16-14.34.25:004][  0]LogTemp: Display: Loaded TP AndroidTargetPlatform
[2019.04.16-14.34.25:008][  0]LogTemp: Display: Loaded TP HTML5TargetPlatform
[2019.04.16-14.34.25:102][  0]LogTemp: Display: Loaded TP IOSTargetPlatform
[2019.04.16-14.34.25:102][  0]LogTemp: Display: Loaded TP IOSTargetPlatform
[2019.04.16-14.34.25:156][  0]LogTemp: Display: Loaded TP TVOSTargetPlatform
[2019.04.16-14.34.25:156][  0]LogTemp: Display: Loaded TP TVOSTargetPlatform
[2019.04.16-14.34.25:185][  0]LogTemp: Display: Loaded TP LinuxClientTargetPlatform
[2019.04.16-14.34.25:215][  0]LogTemp: Display: Loaded TP LinuxNoEditorTargetPlatform
[2019.04.16-14.34.25:248][  0]LogTemp: Display: Loaded TP LinuxServerTargetPlatform
[2019.04.16-14.34.25:283][  0]LogTemp: Display: Loaded TP LinuxTargetPlatform
[2019.04.16-14.34.25:395][  0]LogTemp: Display: Loaded TP LuminTargetPlatform
[2019.04.16-14.34.25:395][  0]LogTemp: Display: Loaded TP LuminTargetPlatform
[2019.04.16-14.34.25:395][  0]LogTargetPlatformManager: Display: Building Assets For Windows
[2019.04.16-14.34.25:498][  0]LogShaderCompilers: Guid format shader working directory is -15 characters bigger than the processId version (../../../../ue4/unreal-advanced-course-2019/homework15.04.2019/Intermediate/Shaders/WorkingDirectory/9996/).
[2019.04.16-14.34.25:498][  0]LogShaderCompilers: Cleaned the shader compiler working directory 'C:/Users/Vladok/AppData/Local/Temp/UnrealShaderWorkingDir/DE92FA0E4AC06537E772108326D36A45/'.
[2019.04.16-14.34.25:501][  0]LogXGEController: Cannot use XGE Controller as Incredibuild is not installed on this machine.
[2019.04.16-14.34.25:501][  0]LogShaderCompilers: Cannot use XGE Shader Compiler as Incredibuild is not installed on this machine.
[2019.04.16-14.34.25:501][  0]LogShaderCompilers: Display: Using Local Shader Compiler.
[2019.04.16-14.34.26:971][  0]LogDerivedDataCache: Display: Max Cache Size: 512 MB
[2019.04.16-14.34.27:138][  0]LogDerivedDataCache: Loaded boot cache 0.17s 71MB C:/Users/Vladok/AppData/Local/UnrealEngine/4.21/DerivedDataCache/Boot.ddc.
[2019.04.16-14.34.27:138][  0]LogDerivedDataCache: Display: Loaded Boot cache: C:/Users/Vladok/AppData/Local/UnrealEngine/4.21/DerivedDataCache/Boot.ddc
[2019.04.16-14.34.27:139][  0]LogDerivedDataCache: FDerivedDataBackendGraph:  Pak pak cache file ../../../../ue4/unreal-advanced-course-2019/homework15.04.2019/DerivedDataCache/DDC.ddp not found, will not use a pak cache.
[2019.04.16-14.34.27:139][  0]LogDerivedDataCache: Unable to find inner node Pak for hierarchical cache Hierarchy.
[2019.04.16-14.34.27:139][  0]LogDerivedDataCache: FDerivedDataBackendGraph:  CompressedPak pak cache file ../../../../ue4/unreal-advanced-course-2019/homework15.04.2019/DerivedDataCache/Compressed.ddp not found, will not use a pak cache.
[2019.04.16-14.34.27:139][  0]LogDerivedDataCache: Unable to find inner node CompressedPak for hierarchical cache Hierarchy.
[2019.04.16-14.34.27:186][  0]LogDerivedDataCache: Display: Pak cache opened for reading ../../../Engine/DerivedDataCache/Compressed.ddp.
[2019.04.16-14.34.27:186][  0]LogDerivedDataCache: FDerivedDataBackendGraph:  EnterprisePak pak cache file ../../../Enterprise/DerivedDataCache/Compressed.ddp not found, will not use a pak cache.
[2019.04.16-14.34.27:186][  0]LogDerivedDataCache: Unable to find inner node EnterprisePak for hierarchical cache Hierarchy.
[2019.04.16-14.34.27:200][  0]LogDerivedDataCache: Using Local data cache path C:/Users/Vladok/AppData/Local/UnrealEngine/Common/DerivedDataCache: Writable
[2019.04.16-14.34.27:200][  0]LogDerivedDataCache: Shared data cache path not found in *engine.ini, will not use an Shared cache.
[2019.04.16-14.34.27:200][  0]LogDerivedDataCache: Unable to find inner node Shared for hierarchical cache Hierarchy.
[2019.04.16-14.34.27:271][  0]LogMaterial: Verifying Global Shaders for PCD3D_SM5
[2019.04.16-14.34.27:275][  0]LogSlate: Using FreeType 2.6.0
[2019.04.16-14.34.27:315][  0]LogSlate: SlateFontServices - WITH_FREETYPE: 1, WITH_HARFBUZZ: 1
[2019.04.16-14.34.28:478][  0]LogAssetRegistry: FAssetRegistry took 0.0551 seconds to start up
[2019.04.16-14.34.29:446][  0]LogInit: Selected Device Profile: [Windows]
[2019.04.16-14.34.29:827][  0]LogSimplygon: Simplygon DLL not present - disabling.
[2019.04.16-14.34.29:834][  0]LogMeshReduction: Using SimplygonSwarm for distributed automatic mesh merging
[2019.04.16-14.34.29:834][  0]LogMeshReduction: Using ProxyLODMeshReduction for automatic mesh merging
[2019.04.16-14.34.29:834][  0]LogMeshReduction: Using QuadricMeshReduction for automatic static mesh reduction
[2019.04.16-14.34.29:834][  0]LogMeshReduction: No automatic skeletal mesh reduction module available
[2019.04.16-14.34.29:878][  0]LogNetVersion: MyProject11 1.0.0, NetCL: 4541578, EngineNetVer: 5, GameNetVer: 0 (Checksum: 1412286528)
[2019.04.16-14.34.31:197][  0]LogPackageLocalizationCache: Processed 11 localized package path(s) for 2 prioritized culture(s) in 0.240294 seconds
[2019.04.16-14.34.31:214][  0]LogUObjectArray: 39775 objects as part of root set at end of initial load.
[2019.04.16-14.34.31:214][  0]LogUObjectAllocator: 6914656 out of 0 bytes used by permanent object pool.
[2019.04.16-14.34.31:214][  0]LogUObjectArray: CloseDisregardForGC: 0/0 objects in disregard for GC pool
[2019.04.16-14.34.37:921][  0]LogTcpMessaging: Initializing TcpMessaging bridge
[2019.04.16-14.34.37:937][  0]LogUdpMessaging: Initializing bridge on interface 0.0.0.0:0 to multicast group 230.0.0.1:6666.
[2019.04.16-14.34.39:456][  0]SourceControl: Source control is disabled
[2019.04.16-14.34.39:457][  0]SourceControl: Source control is disabled
[2019.04.16-14.34.39:460][  0]SourceControl: Source control is disabled
[2019.04.16-14.34.39:461][  0]SourceControl: Source control is disabled
[2019.04.16-14.34.39:722][  0]LogAndroidPermission: UAndroidPermissionCallbackProxy::GetInstance
[2019.04.16-14.34.39:812][  0]LogOcInput: OculusInput pre-init called
[2019.04.16-14.34.40:033][  0]LogEngine: Initializing Engine...
[2019.04.16-14.34.40:035][  0]LogHMD: Failed to initialize OpenVR with code 110
[2019.04.16-14.34.40:037][  0]LogStats: UGameplayTagsManager::ConstructGameplayTagTree: ImportINI prefixes -  0.000 s
[2019.04.16-14.34.40:038][  0]LogStats: UGameplayTagsManager::ConstructGameplayTagTree: Construct from data asset -  0.000 s
[2019.04.16-14.34.40:038][  0]LogStats: UGameplayTagsManager::ConstructGameplayTagTree: ImportINI -  0.000 s
[2019.04.16-14.34.40:038][  0]LogStats: UGameplayTagsManager::ConstructGameplayTagTree: GameplayTagTreeChangedEvent.Broadcast -  0.000 s
[2019.04.16-14.34.40:647][  0]LogInit: Initializing FReadOnlyCVARCache
[2019.04.16-14.34.40:675][  0]LogAIModule: Creating AISystem for world Untitled
[2019.04.16-14.34.40:716][  0]LogInit: XAudio2 using 'Динамики (Realtek High Definition Audio)' : 2 channels at 48 kHz using 32 bits per sample (channel mask 0x3)
[2019.04.16-14.34.40:947][  0]LogInit: FAudioDevice initialized.
[2019.04.16-14.34.40:947][  0]LogNetVersion: Set ProjectVersion to 1.0.0.0. Version Checksum will be recalculated on next use.
[2019.04.16-14.34.41:218][  0]LogDerivedDataCache: Saved boot cache 0.27s 71MB C:/Users/Vladok/AppData/Local/UnrealEngine/4.21/DerivedDataCache/Boot.ddc.
[2019.04.16-14.34.41:251][  0]LogInit: Texture streaming: Enabled
[2019.04.16-14.34.41:285][  0]LogEngineSessionManager: EngineSessionManager initialized
[2019.04.16-14.34.41:328][  0]LogInit: Transaction tracking system initialized
[2019.04.16-14.34.41:370][  0]BlueprintLog: New page: Editor Load
[2019.04.16-14.34.41:506][  0]LocalizationService: Localization service is disabled
[2019.04.16-14.34.43:418][  0]LogFileCache: Scanning file cache for directory 'O:/UE4/ue4/unreal-advanced-course-2019/homework15.04.2019/Content/' took 0.02s
[2019.04.16-14.34.43:418][  0]LogCook: Display: Max memory allowance for cook 16384mb min free memory 0mb
[2019.04.16-14.34.43:418][  0]LogCook: Display: Mobile HDR setting 1
[2019.04.16-14.34.43:418][  0]LogGameplayTags: Display: UGameplayTagsManager::DoneAddingNativeTags. DelegateIsBound: 0
[2019.04.16-14.34.43:418][  0]LogStats: UGameplayTagsManager::ConstructGameplayTagTree: ImportINI prefixes -  0.000 s
[2019.04.16-14.34.43:418][  0]LogStats: UGameplayTagsManager::ConstructGameplayTagTree: Construct from data asset -  0.000 s
[2019.04.16-14.34.43:419][  0]LogStats: UGameplayTagsManager::ConstructGameplayTagTree: ImportINI -  0.000 s
[2019.04.16-14.34.43:419][  0]LogStats: UGameplayTagsManager::ConstructGameplayTagTree: GameplayTagTreeChangedEvent.Broadcast -  0.000 s
[2019.04.16-14.34.43:736][  0]SourceControl: Source control is disabled
[2019.04.16-14.34.43:737][  0]Cmd: MAP LOAD FILE="../../../../ue4/unreal-advanced-course-2019/homework15.04.2019/Content/ThirdPersonBP/Maps/ThirdPersonExampleMap.umap" TEMPLATE=0 SHOWPROGRESS=1 FEATURELEVEL=3
[2019.04.16-14.34.43:767][  0]LightingResults: New page: Lighting Build
[2019.04.16-14.34.43:772][  0]MapCheck: New page: Map Check
[2019.04.16-14.34.43:772][  0]LightingResults: New page: Lighting Build
[2019.04.16-14.34.45:022][  0]LogAIModule: Creating AISystem for world ThirdPersonExampleMap
[2019.04.16-14.34.45:038][  0]LogEditorServer: Finished looking for orphan Actors (0.000 secs)
[2019.04.16-14.34.45:193][  0]Cmd: MAP CHECKDEP NOCLEARLOG
[2019.04.16-14.34.45:194][  0]MapCheck: Map check complete: 0 Error(s), 0 Warning(s), took 0,297ms to complete.
[2019.04.16-14.34.45:194][  0]LogFileHelpers: Loading map 'ThirdPersonExampleMap' took 1.457
[2019.04.16-14.34.45:395][  0]LogSlate: Updating window title bar state: overlay mode, drag disabled, window buttons hidden, title bar hidden
[2019.04.16-14.34.45:416][  0]LogSlate: Updating window title bar state: overlay mode, drag disabled, window buttons hidden, title bar hidden
[2019.04.16-14.34.45:437][  0]LogSlate: Updating window title bar state: overlay mode, drag disabled, window buttons hidden, title bar hidden
[2019.04.16-14.34.45:456][  0]LogSlate: Updating window title bar state: overlay mode, drag disabled, window buttons hidden, title bar hidden
[2019.04.16-14.34.45:475][  0]LogCollectionManager: Loaded 0 collections in 0.002115 seconds
[2019.04.16-14.34.45:496][  0]LogFileCache: Scanning file cache for directory 'O:/UE4/ue4/unreal-advanced-course-2019/homework15.04.2019/Saved/Collections/' took 0.01s
[2019.04.16-14.34.45:496][  0]LogFileCache: Scanning file cache for directory 'O:/UE4/ue4/unreal-advanced-course-2019/homework15.04.2019/Content/Developers/Vladok/Collections/' took 0.00s
[2019.04.16-14.34.45:496][  0]LogFileCache: Scanning file cache for directory 'O:/UE4/ue4/unreal-advanced-course-2019/homework15.04.2019/Content/Collections/' took 0.00s
[2019.04.16-14.34.45:497][  0]LogCollectionManager: Rebuilt the GUID cache for 0 collections in 0.000000 seconds
[2019.04.16-14.34.45:528][  0]LogContentBrowser: Native class hierarchy populated in 0.0314 seconds. Added 2651 classes and 620 folders.
[2019.04.16-14.34.45:541][  0]LogContentBrowser: Native class hierarchy updated for 'WidgetCarousel' in 0.0006 seconds. Added 0 classes and 0 folders.
[2019.04.16-14.34.45:687][  0]LogPakFile: Registered encryption key '00000000000000000000000000000000': 0 pak files mounted, 0 remain pending
[2019.04.16-14.34.45:689][  0]LogPakFile: Registered encryption key '00000000000000000000000000000000': 0 pak files mounted, 0 remain pending
[2019.04.16-14.34.45:690][  0]LogPakFile: Registered encryption key '00000000000000000000000000000000': 0 pak files mounted, 0 remain pending
[2019.04.16-14.34.45:691][  0]LogPakFile: Registered encryption key '00000000000000000000000000000000': 0 pak files mounted, 0 remain pending
[2019.04.16-14.34.45:692][  0]LogPakFile: Registered encryption key '00000000000000000000000000000000': 0 pak files mounted, 0 remain pending
[2019.04.16-14.34.45:693][  0]LogPakFile: Registered encryption key '00000000000000000000000000000000': 0 pak files mounted, 0 remain pending
[2019.04.16-14.34.45:695][  0]LogPakFile: Registered encryption key '00000000000000000000000000000000': 0 pak files mounted, 0 remain pending
[2019.04.16-14.34.45:696][  0]LogPakFile: Registered encryption key '00000000000000000000000000000000': 0 pak files mounted, 0 remain pending
[2019.04.16-14.34.45:697][  0]LogPakFile: Registered encryption key '00000000000000000000000000000000': 0 pak files mounted, 0 remain pending
[2019.04.16-14.34.45:698][  0]LogPakFile: Registered encryption key '00000000000000000000000000000000': 0 pak files mounted, 0 remain pending
[2019.04.16-14.34.45:699][  0]LogPakFile: Registered encryption key '00000000000000000000000000000000': 0 pak files mounted, 0 remain pending
[2019.04.16-14.34.45:701][  0]LogPakFile: Registered encryption key '00000000000000000000000000000000': 0 pak files mounted, 0 remain pending
[2019.04.16-14.34.45:702][  0]LogPakFile: Registered encryption key '00000000000000000000000000000000': 0 pak files mounted, 0 remain pending
[2019.04.16-14.34.45:703][  0]LogPakFile: Registered encryption key '00000000000000000000000000000000': 0 pak files mounted, 0 remain pending
[2019.04.16-14.34.45:705][  0]LogPakFile: Registered encryption key '00000000000000000000000000000000': 0 pak files mounted, 0 remain pending
[2019.04.16-14.34.45:706][  0]LogPakFile: Registered encryption key '00000000000000000000000000000000': 0 pak files mounted, 0 remain pending
[2019.04.16-14.34.45:708][  0]LogPakFile: Registered encryption key '00000000000000000000000000000000': 0 pak files mounted, 0 remain pending
[2019.04.16-14.34.45:709][  0]LogPakFile: Registered encryption key '00000000000000000000000000000000': 0 pak files mounted, 0 remain pending
[2019.04.16-14.34.45:710][  0]LogPakFile: Registered encryption key '00000000000000000000000000000000': 0 pak files mounted, 0 remain pending
[2019.04.16-14.34.45:711][  0]LogPakFile: Registered encryption key '00000000000000000000000000000000': 0 pak files mounted, 0 remain pending
[2019.04.16-14.34.45:713][  0]LogPakFile: Registered encryption key '00000000000000000000000000000000': 0 pak files mounted, 0 remain pending
[2019.04.16-14.34.45:714][  0]LogPakFile: Registered encryption key '00000000000000000000000000000000': 0 pak files mounted, 0 remain pending
[2019.04.16-14.34.45:716][  0]LogPakFile: Registered encryption key '00000000000000000000000000000000': 0 pak files mounted, 0 remain pending
[2019.04.16-14.34.45:717][  0]LogPakFile: Registered encryption key '00000000000000000000000000000000': 0 pak files mounted, 0 remain pending
[2019.04.16-14.34.45:718][  0]LogPakFile: Registered encryption key '00000000000000000000000000000000': 0 pak files mounted, 0 remain pending
[2019.04.16-14.34.45:720][  0]LogPakFile: Registered encryption key '00000000000000000000000000000000': 0 pak files mounted, 0 remain pending
[2019.04.16-14.34.46:772][  0]LogContentBrowser: Native class hierarchy updated for 'AddContentDialog' in 0.0007 seconds. Added 0 classes and 0 folders.
[2019.04.16-14.34.46:781][  0]LogContentBrowser: Native class hierarchy updated for 'SceneOutliner' in 0.0008 seconds. Added 1 classes and 2 folders.
[2019.04.16-14.34.46:969][  0]LogSlate: Took 0.000845 seconds to synchronously load lazily loaded font '../../../Engine/Content/Slate/Fonts/Roboto-Regular.ttf' (155K)
[2019.04.16-14.34.46:975][  0]LogSlate: Took 0.000441 seconds to synchronously load lazily loaded font '../../../Engine/Content/Slate/Fonts/Roboto-Bold.ttf' (160K)
[2019.04.16-14.34.47:035][  0]LogSlate: Took 0.043890 seconds to synchronously load lazily loaded font '../../../Engine/Content/Editor/Slate/Fonts/FontAwesome.ttf' (139K)
[2019.04.16-14.34.47:288][  0]LogRenderer: Reallocating scene render targets to support 780x320 Format 10 NumSamples 1 (Frame:1).
[2019.04.16-14.34.48:151][  0]LogSlate: Took 0.000467 seconds to synchronously load lazily loaded font '../../../Engine/Content/Slate/Fonts/Roboto-Light.ttf' (167K)
[2019.04.16-14.34.48:382][  0]LogContentBrowser: Native class hierarchy updated for 'HierarchicalLODOutliner' in 0.0007 seconds. Added 0 classes and 0 folders.
[2019.04.16-14.34.48:383][  0]LogLoad: (Engine Initialization) Total time: 28.35 seconds
[2019.04.16-14.34.48:383][  0]LogLoad: (Engine Initialization) Total Blueprint compile time: 0.00 seconds
[2019.04.16-14.34.48:534][  0]LogD3D11RHI: Error: agsDriverExtensionsDX11_SetDepthBounds(1,0.000000, 1.000000) returned error code 6. **********PLEASE UPDATE YOUR VIDEO DRIVERS*********
[2019.04.16-14.34.48:534][  0]LogContentStreaming: Texture pool size now 1000 MB
[2019.04.16-14.34.49:312][  4]LogAssetRegistry: Asset discovery search completed in 20.8561 seconds
[2019.04.16-14.34.49:320][  4]LogCollectionManager: Rebuilt the object cache for 0 collections in 0.000000 seconds (found 0 objects)
[2019.04.16-14.34.49:320][  4]LogCollectionManager: Fixed up redirectors for 0 collections in 0.000155 seconds (updated 0 objects)
[2019.04.16-14.35.33:067][190]LogEditorViewport: Clicking on Actor (context menu): StaticMeshActor (Linear_Stair_StaticMesh)
[2019.04.16-14.35.34:024][190]LogSlate: FSceneViewport::OnFocusLost() reason 2
[2019.04.16-14.35.34:452][197]LogEditorViewport: Clicking on Actor (context menu): StaticMeshActor (Linear_Stair_StaticMesh)
[2019.04.16-14.35.34:517][197]LogSlate: FSceneViewport::OnFocusLost() reason 2
[2019.04.16-14.36.28:090][591]LogSlate: FSceneViewport::OnFocusLost() reason 0
[2019.04.16-14.36.28:135][593]LogTemp: Repeating last play command: New Editor Window (PIE)
[2019.04.16-14.36.28:173][593]LogBlueprintUserMessages: Early PlayInEditor Detection: Level '/Game/ThirdPersonBP/Maps/ThirdPersonExampleMap.ThirdPersonExampleMap:PersistentLevel' has LevelScriptBlueprint '/Game/ThirdPersonBP/Maps/ThirdPersonExampleMap.ThirdPersonExampleMap:PersistentLevel.ThirdPersonExampleMap' with GeneratedClass '/Game/ThirdPersonBP/Maps/ThirdPersonExampleMap.ThirdPersonExampleMap_C' with ClassGeneratedBy '/Game/ThirdPersonBP/Maps/ThirdPersonExampleMap.ThirdPersonExampleMap:PersistentLevel.ThirdPersonExampleMap'
[2019.04.16-14.36.28:174][593]LogPlayLevel: PlayLevel: No blueprints needed recompiling
[2019.04.16-14.36.28:320][593]PIE: New page: PIE session: ThirdPersonExampleMap (16 апр. 2019 г., 20:36:28)
[2019.04.16-14.36.28:335][593]LogPlayLevel: Creating play world package: /Game/ThirdPersonBP/Maps/UEDPIE_1_ThirdPersonExampleMap
[2019.04.16-14.36.28:425][593]LogPlayLevel: PIE: StaticDuplicateObject took: (0.090159s)
[2019.04.16-14.36.28:427][593]LogAIModule: Creating AISystem for world ThirdPersonExampleMap
[2019.04.16-14.36.28:427][593]LogPlayLevel: PIE: World Init took: (0.001769s)
[2019.04.16-14.36.28:427][593]LogPlayLevel: PIE: Created PIE world by copying editor world from /Game/ThirdPersonBP/Maps/ThirdPersonExampleMap.ThirdPersonExampleMap to /Game/ThirdPersonBP/Maps/UEDPIE_1_ThirdPersonExampleMap.ThirdPersonExampleMap (0.092590s)
[2019.04.16-14.36.31:202][593]LogLoad: Game class is 'ThirdPersonGameMode_C'
[2019.04.16-14.36.31:208][593]LogWorld: Bringing World /Game/ThirdPersonBP/Maps/UEDPIE_1_ThirdPersonExampleMap.ThirdPersonExampleMap up for play (max tick rate 60) at 2019.04.16-17.36.31
[2019.04.16-14.36.31:248][593]LogWorld: Bringing up level for play took: 0.042102
[2019.04.16-14.36.31:266][593]LogTemp: Display: ParseSettings for GameNetDriver
[2019.04.16-14.36.31:266][593]LogTemp: Display: ParseSettings for IpNetDriver_0
[2019.04.16-14.36.31:266][593]LogTemp: Display: ParseSettings for GameNetDriver
[2019.04.16-14.36.31:266][593]LogNet: ReplicationDriverClass is null! Not using ReplicationDriver.
[2019.04.16-14.36.31:266][593]PacketHandlerLog: DDoS detection status: detection enabled: 0 analytics enabled: 0
[2019.04.16-14.36.31:267][593]LogInit: WinSock: Socket queue 131072 / 131072
[2019.04.16-14.36.31:268][593]LogInit: WinSock: I am DESKTOP-4OF0AOK (192.168.56.1:0)
[2019.04.16-14.36.31:269][593]PacketHandlerLog: Loaded PacketHandler component: Engine.EngineHandlerComponentFactory (StatelessConnectHandlerComponent)
[2019.04.16-14.36.31:269][593]LogNet: GameNetDriver IpNetDriver_0 IpNetDriver listening on port 17777
[2019.04.16-14.36.31:308][593]LogBlueprintUserMessages: [BP_CubeRep_C_0] Server: true
[2019.04.16-14.36.31:309][593]PIE: Play in editor start time for /Game/ThirdPersonBP/Maps/UEDPIE_1_ThirdPersonExampleMap 2,808
[2019.04.16-14.36.31:318][593]LogInit: XAudio2 using 'Динамики (Realtek High Definition Audio)' : 2 channels at 48 kHz using 32 bits per sample (channel mask 0x3)
[2019.04.16-14.36.31:361][593]LogInit: FAudioDevice initialized.
[2019.04.16-14.36.31:372][593]LogSlate: Updating window title bar state: overlay mode, drag disabled, window buttons hidden, title bar hidden
[2019.04.16-14.36.31:433][593]LogNet: Browse: 127.0.0.1:17777//Game/ThirdPersonBP/Maps/ThirdPersonExampleMap
[2019.04.16-14.36.31:433][593]LogTemp: Display: ParseSettings for GameNetDriver
[2019.04.16-14.36.31:433][593]LogTemp: Display: ParseSettings for IpNetDriver_1
[2019.04.16-14.36.31:433][593]LogTemp: Display: ParseSettings for PendingNetDriver
[2019.04.16-14.36.31:434][593]LogInit: WinSock: Socket queue 32768 / 32768
[2019.04.16-14.36.31:436][593]PacketHandlerLog: Loaded PacketHandler component: Engine.EngineHandlerComponentFactory (StatelessConnectHandlerComponent)
[2019.04.16-14.36.31:436][593]LogNet: Game client on port 17777, rate 10000
[2019.04.16-14.36.31:444][593]PIE: Play in editor start time for /Game/ThirdPersonBP/Maps/ThirdPersonExampleMap 2,943
[2019.04.16-14.36.31:454][593]LogSlate: FSceneViewport::OnFocusLost() reason 2
[2019.04.16-14.36.31:461][593]LogSlate: Updating window title bar state: overlay mode, drag disabled, window buttons hidden, title bar hidden
[2019.04.16-14.36.31:504][593]LogNet: Browse: 127.0.0.1:17777//Game/ThirdPersonBP/Maps/ThirdPersonExampleMap
[2019.04.16-14.36.31:505][593]LogTemp: Display: ParseSettings for GameNetDriver
[2019.04.16-14.36.31:505][593]LogTemp: Display: ParseSettings for IpNetDriver_2
[2019.04.16-14.36.31:505][593]LogTemp: Display: ParseSettings for PendingNetDriver
[2019.04.16-14.36.31:505][593]LogInit: WinSock: Socket queue 32768 / 32768
[2019.04.16-14.36.31:507][593]PacketHandlerLog: Loaded PacketHandler component: Engine.EngineHandlerComponentFactory (StatelessConnectHandlerComponent)
[2019.04.16-14.36.31:508][593]LogNet: Game client on port 17777, rate 10000
[2019.04.16-14.36.31:515][593]PIE: Play in editor start time for /Game/ThirdPersonBP/Maps/ThirdPersonExampleMap 3,014
[2019.04.16-14.36.31:525][593]LogBlueprintUserMessages: Late PlayInEditor Detection: Level '/Game/ThirdPersonBP/Maps/ThirdPersonExampleMap.ThirdPersonExampleMap:PersistentLevel' has LevelScriptBlueprint '/Game/ThirdPersonBP/Maps/ThirdPersonExampleMap.ThirdPersonExampleMap:PersistentLevel.ThirdPersonExampleMap' with GeneratedClass '/Game/ThirdPersonBP/Maps/ThirdPersonExampleMap.ThirdPersonExampleMap_C' with ClassGeneratedBy '/Game/ThirdPersonBP/Maps/ThirdPersonExampleMap.ThirdPersonExampleMap:PersistentLevel.ThirdPersonExampleMap'
[2019.04.16-14.36.31:526][593]LogNet: NotifyAcceptingConnection accepted from: 127.0.0.1:49493
[2019.04.16-14.36.31:548][593]LogHandshake: SendConnectChallenge. Timestamp: 0.021296, Cookie: 017144141037210033029123076052179216035012218022105108232156
[2019.04.16-14.36.31:548][593]LogNet: NotifyAcceptingConnection accepted from: 127.0.0.1:49494
[2019.04.16-14.36.31:548][593]LogHandshake: SendConnectChallenge. Timestamp: 0.021296, Cookie: 113006246218026180150190210069064102107057226048248008216202
[2019.04.16-14.36.31:586][593]LogHandshake: SendChallengeResponse. Timestamp: 0.021296, Cookie: 017144141037210033029123076052179216035012218022105108232156
[2019.04.16-14.36.31:589][593]LogHandshake: SendChallengeResponse. Timestamp: 0.021296, Cookie: 113006246218026180150190210069064102107057226048248008216202
[2019.04.16-14.36.31:764][594]LogNet: NotifyAcceptingConnection accepted from: 127.0.0.1:49493
[2019.04.16-14.36.31:764][594]LogHandshake: SendChallengeAck. InCookie: 017144141037210033029123076052179216035012218022105108232156
[2019.04.16-14.36.31:764][594]LogNet: Server accepting post-challenge connection from: 127.0.0.1:49493
[2019.04.16-14.36.31:766][594]PacketHandlerLog: Loaded PacketHandler component: Engine.EngineHandlerComponentFactory (StatelessConnectHandlerComponent)
[2019.04.16-14.36.31:766][594]LogNet: NotifyAcceptedConnection: Name: ThirdPersonExampleMap, TimeStamp: 04/16/19 17:36:31, [UNetConnection] RemoteAddr: 127.0.0.1:49493, Name: IpConnection_2, Driver: GameNetDriver IpNetDriver_0, IsServer: YES, PC: NULL, Owner: NULL, UniqueId: INVALID
[2019.04.16-14.36.31:766][594]LogNet: AddClientConnection: Added client connection: [UNetConnection] RemoteAddr: 127.0.0.1:49493, Name: IpConnection_2, Driver: GameNetDriver IpNetDriver_0, IsServer: YES, PC: NULL, Owner: NULL, UniqueId: INVALID
[2019.04.16-14.36.31:766][594]LogNet: NotifyAcceptingConnection accepted from: 127.0.0.1:49494
[2019.04.16-14.36.31:766][594]LogHandshake: SendChallengeAck. InCookie: 113006246218026180150190210069064102107057226048248008216202
[2019.04.16-14.36.31:767][594]LogNet: Server accepting post-challenge connection from: 127.0.0.1:49494
[2019.04.16-14.36.31:768][594]PacketHandlerLog: Loaded PacketHandler component: Engine.EngineHandlerComponentFactory (StatelessConnectHandlerComponent)
[2019.04.16-14.36.31:768][594]LogNet: NotifyAcceptedConnection: Name: ThirdPersonExampleMap, TimeStamp: 04/16/19 17:36:31, [UNetConnection] RemoteAddr: 127.0.0.1:49494, Name: IpConnection_3, Driver: GameNetDriver IpNetDriver_0, IsServer: YES, PC: NULL, Owner: NULL, UniqueId: INVALID
[2019.04.16-14.36.31:768][594]LogNet: AddClientConnection: Added client connection: [UNetConnection] RemoteAddr: 127.0.0.1:49494, Name: IpConnection_3, Driver: GameNetDriver IpNetDriver_0, IsServer: YES, PC: NULL, Owner: NULL, UniqueId: INVALID
[2019.04.16-14.36.31:770][594]LogNetVersion: MyProject11 1.0.0.0, NetCL: 4541578, EngineNetVer: 5, GameNetVer: 0 (Checksum: 3270649682)
[2019.04.16-14.36.31:770][594]LogNet: UPendingNetGame::SendInitialJoin: Sending hello. [UNetConnection] RemoteAddr: 127.0.0.1:17777, Name: IpConnection_0, Driver: PendingNetDriver IpNetDriver_1, IsServer: NO, PC: NULL, Owner: NULL, UniqueId: INVALID
[2019.04.16-14.36.31:772][594]LogNet: UPendingNetGame::SendInitialJoin: Sending hello. [UNetConnection] RemoteAddr: 127.0.0.1:17777, Name: IpConnection_1, Driver: PendingNetDriver IpNetDriver_2, IsServer: NO, PC: NULL, Owner: NULL, UniqueId: INVALID
[2019.04.16-14.36.31:809][595]LogNet: NotifyAcceptingChannel Control 0 server World /Game/ThirdPersonBP/Maps/UEDPIE_1_ThirdPersonExampleMap.ThirdPersonExampleMap: Accepted
[2019.04.16-14.36.31:809][595]LogNet: Remote platform little endian=1
[2019.04.16-14.36.31:809][595]LogNet: This platform little endian=1
[2019.04.16-14.36.31:810][595]LogNet: NotifyAcceptingChannel Control 0 server World /Game/ThirdPersonBP/Maps/UEDPIE_1_ThirdPersonExampleMap.ThirdPersonExampleMap: Accepted
[2019.04.16-14.36.31:810][595]LogNet: Remote platform little endian=1
[2019.04.16-14.36.31:810][595]LogNet: This platform little endian=1
[2019.04.16-14.36.31:857][596]LogNet: Login request: /Game/ThirdPersonBP/Maps/ThirdPersonExampleMap?Name=DESKTOP-4OF0AOK-CC88EAB94656BFF6DBAB82B1582716C3 userId: NULL:DESKTOP-4OF0AOK-CC88EAB94656BFF6DBAB82B1582716C3 platform: NULL
[2019.04.16-14.36.31:858][596]LogNet: Login request: /Game/ThirdPersonBP/Maps/ThirdPersonExampleMap?Name=DESKTOP-4OF0AOK-BF44D9BE4E26379243A41081260B8B77 userId: NULL:DESKTOP-4OF0AOK-BF44D9BE4E26379243A41081260B8B77 platform: NULL
[2019.04.16-14.36.31:858][596]LogNet: Welcomed by server (Level: /Game/ThirdPersonBP/Maps/UEDPIE_1_ThirdPersonExampleMap, Game: /Game/ThirdPersonBP/Blueprints/ThirdPersonGameMode.ThirdPersonGameMode_C)
[2019.04.16-14.36.31:861][596]LogLoad: LoadMap: 127.0.0.1:17777//Game/ThirdPersonBP/Maps/UEDPIE_1_ThirdPersonExampleMap?game=/Game/ThirdPersonBP/Blueprints/ThirdPersonGameMode.ThirdPersonGameMode_C
[2019.04.16-14.36.32:042][596]LogAIModule: Creating AISystem for world ThirdPersonExampleMap
[2019.04.16-14.36.32:042][596]LogTemp: Display: ParseSettings for GameNetDriver
[2019.04.16-14.36.32:057][596]LogWorld: Bringing World /Game/ThirdPersonBP/Maps/UEDPIE_2_ThirdPersonExampleMap.ThirdPersonExampleMap up for play (max tick rate 60) at 2019.04.16-17.36.32
[2019.04.16-14.36.32:057][596]LogWorld: Bringing up level for play took: 0.012858
[2019.04.16-14.36.32:059][596]LogLoad: Took 0.198082 seconds to LoadMap(/Game/ThirdPersonBP/Maps/UEDPIE_1_ThirdPersonExampleMap)
[2019.04.16-14.36.32:060][596]LogNet: Welcomed by server (Level: /Game/ThirdPersonBP/Maps/UEDPIE_1_ThirdPersonExampleMap, Game: /Game/ThirdPersonBP/Blueprints/ThirdPersonGameMode.ThirdPersonGameMode_C)
[2019.04.16-14.36.32:126][596]LogLoad: LoadMap: 127.0.0.1:17777//Game/ThirdPersonBP/Maps/UEDPIE_1_ThirdPersonExampleMap?game=/Game/ThirdPersonBP/Blueprints/ThirdPersonGameMode.ThirdPersonGameMode_C
[2019.04.16-14.36.32:262][596]LogAIModule: Creating AISystem for world ThirdPersonExampleMap
[2019.04.16-14.36.32:262][596]LogTemp: Display: ParseSettings for GameNetDriver
[2019.04.16-14.36.32:277][596]LogWorld: Bringing World /Game/ThirdPersonBP/Maps/UEDPIE_3_ThirdPersonExampleMap.ThirdPersonExampleMap up for play (max tick rate 60) at 2019.04.16-17.36.32
[2019.04.16-14.36.32:277][596]LogWorld: Bringing up level for play took: 0.013202
[2019.04.16-14.36.32:279][596]LogLoad: Took 0.152620 seconds to LoadMap(/Game/ThirdPersonBP/Maps/UEDPIE_1_ThirdPersonExampleMap)
[2019.04.16-14.36.32:333][597]LogNet: Client netspeed is 10000
[2019.04.16-14.36.32:334][597]LogNet: Join request: /Game/ThirdPersonBP/Maps/ThirdPersonExampleMap?Name=DESKTOP-4OF0AOK-CC88EAB94656BFF6DBAB82B1582716C3?SplitscreenCount=1
[2019.04.16-14.36.32:335][597]LogOnlineSession: Warning: OSS: No game present to join for session (GameSession)
[2019.04.16-14.36.32:613][597]LogRenderer: Reallocating scene render targets to support 1280x720 Format 10 NumSamples 1 (Frame:1).
[2019.04.16-14.36.32:614][597]LogNet: Join succeeded: DESKTOP-4OF0AOK-CC88
[2019.04.16-14.36.32:614][597]LogNet: Client netspeed is 10000
[2019.04.16-14.36.32:614][597]LogNet: Join request: /Game/ThirdPersonBP/Maps/ThirdPersonExampleMap?Name=DESKTOP-4OF0AOK-BF44D9BE4E26379243A41081260B8B77?SplitscreenCount=1
[2019.04.16-14.36.32:615][597]LogOnlineSession: Warning: OSS: No game present to join for session (GameSession)
[2019.04.16-14.36.32:621][597]LogNet: Join succeeded: DESKTOP-4OF0AOK-BF44
[2019.04.16-14.36.32:707][598]LogOnlineSession: Warning: OSS: No game present to join for session (GameSession)
[2019.04.16-14.36.32:719][598]LogBlueprintUserMessages: [BP_CubeRep_C_0] Client 1: true
[2019.04.16-14.36.32:720][598]LogOnlineSession: Warning: OSS: No game present to join for session (GameSession)
[2019.04.16-14.36.32:740][598]LogBlueprintUserMessages: [BP_CubeRep_C_0] Client 2: true
[2019.04.16-14.36.32:741][598]LogOnlineSession: Warning: OSS: No game present to join for session (GameSession)
[2019.04.16-14.36.32:742][598]LogOnlineSession: Warning: OSS: No game present to join for session (GameSession)
[2019.04.16-14.36.45:204][733]LogSlate: FSceneViewport::OnFocusLost() reason 0
[2019.04.16-14.36.48:750][773]LogRenderer: Reallocating scene render targets to support 1284x720 Format 10 NumSamples 1 (Frame:178).
